Determining if the pthread_create exist failed with the following output:
Change Dir: /home/zhouxin/Desktop/my_msckf/build/CMakeFiles/CMakeTmp

Run Build Command(s):/usr/bin/make cmTC_16092/fast 
/usr/bin/make -f CMakeFiles/cmTC_16092.dir/build.make CMakeFiles/cmTC_16092.dir/build
make[1]: Entering directory '/home/zhouxin/Desktop/my_msckf/build/CMakeFiles/CMakeTmp'
Building C object CMakeFiles/cmTC_16092.dir/CheckSymbolExists.c.o
/usr/bin/cc    -o CMakeFiles/cmTC_16092.dir/CheckSymbolExists.c.o   -c /home/zhouxin/Desktop/my_msckf/build/CMakeFiles/CMakeTmp/CheckSymbolExists.c
Linking C executable cmTC_16092
/usr/local/bin/cmake -E cmake_link_script CMakeFiles/cmTC_16092.dir/link.txt --verbose=1
/usr/bin/cc      -rdynamic CMakeFiles/cmTC_16092.dir/CheckSymbolExists.c.o  -o cmTC_16092 
CMakeFiles/cmTC_16092.dir/CheckSymbolExists.c.o: In function `main':
CheckSymbolExists.c:(.text+0x1b): undefined reference to `pthread_create'
collect2: error: ld returned 1 exit status
CMakeFiles/cmTC_16092.dir/build.make:86: recipe for target 'cmTC_16092' failed
make[1]: *** [cmTC_16092] Error 1
make[1]: Leaving directory '/home/zhouxin/Desktop/my_msckf/build/CMakeFiles/CMakeTmp'
Makefile:121: recipe for target 'cmTC_16092/fast' failed
make: *** [cmTC_16092/fast] Error 2

File /home/zhouxin/Desktop/my_msckf/build/CMakeFiles/CMakeTmp/CheckSymbolExists.c:
/* */
#include <pthread.h>

int main(int argc, char** argv)
{
  (void)argv;
#ifndef pthread_create
  return ((int*)(&pthread_create))[argc];
#else
  (void)argc;
  return 0;
#endif
}

Determining if the function pthread_create exists in the pthreads failed with the following output:
Change Dir: /home/zhouxin/Desktop/my_msckf/build/CMakeFiles/CMakeTmp

Run Build Command(s):/usr/bin/make cmTC_17916/fast 
/usr/bin/make -f CMakeFiles/cmTC_17916.dir/build.make CMakeFiles/cmTC_17916.dir/build
make[1]: Entering directory '/home/zhouxin/Desktop/my_msckf/build/CMakeFiles/CMakeTmp'
Building C object CMakeFiles/cmTC_17916.dir/CheckFunctionExists.c.o
/usr/bin/cc   -DCHECK_FUNCTION_EXISTS=pthread_create   -o CMakeFiles/cmTC_17916.dir/CheckFunctionExists.c.o   -c /usr/local/share/cmake-3.14/Modules/CheckFunctionExists.c
Linking C executable cmTC_17916
/usr/local/bin/cmake -E cmake_link_script CMakeFiles/cmTC_17916.dir/link.txt --verbose=1
/usr/bin/cc  -DCHECK_FUNCTION_EXISTS=pthread_create    -rdynamic CMakeFiles/cmTC_17916.dir/CheckFunctionExists.c.o  -o cmTC_17916 -lpthreads 
/usr/bin/ld: cannot find -lpthreads
collect2: error: ld returned 1 exit status
CMakeFiles/cmTC_17916.dir/build.make:86: recipe for target 'cmTC_17916' failed
make[1]: *** [cmTC_17916] Error 1
make[1]: Leaving directory '/home/zhouxin/Desktop/my_msckf/build/CMakeFiles/CMakeTmp'
Makefile:121: recipe for target 'cmTC_17916/fast' failed
make: *** [cmTC_17916/fast] Error 2


